<?xml version="1.0" encoding="UTF-8"?>
<testsuite name="com.example.project.TestUtility" tests="1" skipped="0" failures="0" errors="0" timestamp="2025-02-19T17:48:53" hostname="codespaces-b9e5b6" time="0.09">
  <properties/>
  <testcase name="testSort()" classname="com.example.project.TestUtility" time="0.09"/>
  <system-out><![CDATA[[Michelle Jones: 98.1, Abby Smith: 96.7, Chase Bean: 95.2, Jack Clancy: 97.3, Brittany Jones: 95.5, Lisa Frank: 92.4, Marie Angelina: 96.5, Peter Frank: 97.9, Lisa Frank: 99.5, Dean Jones: 93.2]
[Michelle Jones: 98.1, Chase Bean: 95.2, Abby Smith: 96.7, Jack Clancy: 97.3, Brittany Jones: 95.5, Lisa Frank: 92.4, Marie Angelina: 96.5, Peter Frank: 97.9, Lisa Frank: 99.5, Dean Jones: 93.2]
[Michelle Jones: 98.1, Chase Bean: 95.2, Jack Clancy: 97.3, Abby Smith: 96.7, Brittany Jones: 95.5, Lisa Frank: 92.4, Marie Angelina: 96.5, Peter Frank: 97.9, Lisa Frank: 99.5, Dean Jones: 93.2]
[Michelle Jones: 98.1, Chase Bean: 95.2, Jack Clancy: 97.3, Brittany Jones: 95.5, Abby Smith: 96.7, Lisa Frank: 92.4, Marie Angelina: 96.5, Peter Frank: 97.9, Lisa Frank: 99.5, Dean Jones: 93.2]
[Michelle Jones: 98.1, Chase Bean: 95.2, Jack Clancy: 97.3, Brittany Jones: 95.5, Lisa Frank: 92.4, Abby Smith: 96.7, Marie Angelina: 96.5, Peter Frank: 97.9, Lisa Frank: 99.5, Dean Jones: 93.2]
[Michelle Jones: 98.1, Chase Bean: 95.2, Jack Clancy: 97.3, Brittany Jones: 95.5, Lisa Frank: 92.4, Marie Angelina: 96.5, Abby Smith: 96.7, Peter Frank: 97.9, Lisa Frank: 99.5, Dean Jones: 93.2]
[Michelle Jones: 98.1, Chase Bean: 95.2, Jack Clancy: 97.3, Brittany Jones: 95.5, Lisa Frank: 92.4, Marie Angelina: 96.5, Peter Frank: 97.9, Abby Smith: 96.7, Lisa Frank: 99.5, Dean Jones: 93.2]
[Michelle Jones: 98.1, Chase Bean: 95.2, Jack Clancy: 97.3, Brittany Jones: 95.5, Lisa Frank: 92.4, Marie Angelina: 96.5, Peter Frank: 97.9, Lisa Frank: 99.5, Abby Smith: 96.7, Dean Jones: 93.2]
[Michelle Jones: 98.1, Chase Bean: 95.2, Jack Clancy: 97.3, Brittany Jones: 95.5, Lisa Frank: 92.4, Marie Angelina: 96.5, Peter Frank: 97.9, Lisa Frank: 99.5, Dean Jones: 93.2, Abby Smith: 96.7]
[Chase Bean: 95.2, Michelle Jones: 98.1, Jack Clancy: 97.3, Brittany Jones: 95.5, Lisa Frank: 92.4, Marie Angelina: 96.5, Peter Frank: 97.9, Lisa Frank: 99.5, Dean Jones: 93.2, Abby Smith: 96.7]
[Chase Bean: 95.2, Jack Clancy: 97.3, Michelle Jones: 98.1, Brittany Jones: 95.5, Lisa Frank: 92.4, Marie Angelina: 96.5, Peter Frank: 97.9, Lisa Frank: 99.5, Dean Jones: 93.2, Abby Smith: 96.7]
[Chase Bean: 95.2, Jack Clancy: 97.3, Brittany Jones: 95.5, Michelle Jones: 98.1, Lisa Frank: 92.4, Marie Angelina: 96.5, Peter Frank: 97.9, Lisa Frank: 99.5, Dean Jones: 93.2, Abby Smith: 96.7]
[Chase Bean: 95.2, Jack Clancy: 97.3, Brittany Jones: 95.5, Lisa Frank: 92.4, Michelle Jones: 98.1, Marie Angelina: 96.5, Peter Frank: 97.9, Lisa Frank: 99.5, Dean Jones: 93.2, Abby Smith: 96.7]
[Chase Bean: 95.2, Jack Clancy: 97.3, Brittany Jones: 95.5, Lisa Frank: 92.4, Marie Angelina: 96.5, Michelle Jones: 98.1, Peter Frank: 97.9, Lisa Frank: 99.5, Dean Jones: 93.2, Abby Smith: 96.7]
[Chase Bean: 95.2, Jack Clancy: 97.3, Brittany Jones: 95.5, Lisa Frank: 92.4, Marie Angelina: 96.5, Peter Frank: 97.9, Michelle Jones: 98.1, Lisa Frank: 99.5, Dean Jones: 93.2, Abby Smith: 96.7]
[Chase Bean: 95.2, Jack Clancy: 97.3, Brittany Jones: 95.5, Lisa Frank: 92.4, Marie Angelina: 96.5, Peter Frank: 97.9, Lisa Frank: 99.5, Michelle Jones: 98.1, Dean Jones: 93.2, Abby Smith: 96.7]
[Chase Bean: 95.2, Jack Clancy: 97.3, Brittany Jones: 95.5, Lisa Frank: 92.4, Marie Angelina: 96.5, Peter Frank: 97.9, Lisa Frank: 99.5, Dean Jones: 93.2, Michelle Jones: 98.1, Abby Smith: 96.7]
[Chase Bean: 95.2, Jack Clancy: 97.3, Brittany Jones: 95.5, Lisa Frank: 92.4, Marie Angelina: 96.5, Peter Frank: 97.9, Lisa Frank: 99.5, Dean Jones: 93.2, Michelle Jones: 98.1, Abby Smith: 96.7]
[Chase Bean: 95.2, Jack Clancy: 97.3, Brittany Jones: 95.5, Lisa Frank: 92.4, Marie Angelina: 96.5, Peter Frank: 97.9, Lisa Frank: 99.5, Dean Jones: 93.2, Michelle Jones: 98.1, Abby Smith: 96.7]
[Chase Bean: 95.2, Jack Clancy: 97.3, Brittany Jones: 95.5, Lisa Frank: 92.4, Marie Angelina: 96.5, Peter Frank: 97.9, Lisa Frank: 99.5, Dean Jones: 93.2, Michelle Jones: 98.1, Abby Smith: 96.7]
[Chase Bean: 95.2, Jack Clancy: 97.3, Lisa Frank: 92.4, Brittany Jones: 95.5, Marie Angelina: 96.5, Peter Frank: 97.9, Lisa Frank: 99.5, Dean Jones: 93.2, Michelle Jones: 98.1, Abby Smith: 96.7]
[Chase Bean: 95.2, Jack Clancy: 97.3, Lisa Frank: 92.4, Marie Angelina: 96.5, Brittany Jones: 95.5, Peter Frank: 97.9, Lisa Frank: 99.5, Dean Jones: 93.2, Michelle Jones: 98.1, Abby Smith: 96.7]
[Chase Bean: 95.2, Jack Clancy: 97.3, Lisa Frank: 92.4, Marie Angelina: 96.5, Peter Frank: 97.9, Brittany Jones: 95.5, Lisa Frank: 99.5, Dean Jones: 93.2, Michelle Jones: 98.1, Abby Smith: 96.7]
[Chase Bean: 95.2, Jack Clancy: 97.3, Lisa Frank: 92.4, Marie Angelina: 96.5, Peter Frank: 97.9, Lisa Frank: 99.5, Brittany Jones: 95.5, Dean Jones: 93.2, Michelle Jones: 98.1, Abby Smith: 96.7]
[Chase Bean: 95.2, Jack Clancy: 97.3, Lisa Frank: 92.4, Marie Angelina: 96.5, Peter Frank: 97.9, Lisa Frank: 99.5, Brittany Jones: 95.5, Dean Jones: 93.2, Michelle Jones: 98.1, Abby Smith: 96.7]
[Chase Bean: 95.2, Jack Clancy: 97.3, Lisa Frank: 92.4, Marie Angelina: 96.5, Peter Frank: 97.9, Lisa Frank: 99.5, Brittany Jones: 95.5, Dean Jones: 93.2, Michelle Jones: 98.1, Abby Smith: 96.7]
[Chase Bean: 95.2, Jack Clancy: 97.3, Lisa Frank: 92.4, Marie Angelina: 96.5, Peter Frank: 97.9, Lisa Frank: 99.5, Brittany Jones: 95.5, Dean Jones: 93.2, Michelle Jones: 98.1, Abby Smith: 96.7]
[Chase Bean: 95.2, Jack Clancy: 97.3, Lisa Frank: 92.4, Marie Angelina: 96.5, Peter Frank: 97.9, Lisa Frank: 99.5, Brittany Jones: 95.5, Dean Jones: 93.2, Michelle Jones: 98.1, Abby Smith: 96.7]
[Chase Bean: 95.2, Jack Clancy: 97.3, Lisa Frank: 92.4, Marie Angelina: 96.5, Peter Frank: 97.9, Lisa Frank: 99.5, Brittany Jones: 95.5, Dean Jones: 93.2, Michelle Jones: 98.1, Abby Smith: 96.7]
[Chase Bean: 95.2, Jack Clancy: 97.3, Marie Angelina: 96.5, Lisa Frank: 92.4, Peter Frank: 97.9, Lisa Frank: 99.5, Brittany Jones: 95.5, Dean Jones: 93.2, Michelle Jones: 98.1, Abby Smith: 96.7]
[Chase Bean: 95.2, Jack Clancy: 97.3, Marie Angelina: 96.5, Lisa Frank: 92.4, Peter Frank: 97.9, Lisa Frank: 99.5, Brittany Jones: 95.5, Dean Jones: 93.2, Michelle Jones: 98.1, Abby Smith: 96.7]
[Chase Bean: 95.2, Jack Clancy: 97.3, Marie Angelina: 96.5, Lisa Frank: 92.4, Lisa Frank: 99.5, Peter Frank: 97.9, Brittany Jones: 95.5, Dean Jones: 93.2, Michelle Jones: 98.1, Abby Smith: 96.7]
[Chase Bean: 95.2, Jack Clancy: 97.3, Marie Angelina: 96.5, Lisa Frank: 92.4, Lisa Frank: 99.5, Peter Frank: 97.9, Brittany Jones: 95.5, Dean Jones: 93.2, Michelle Jones: 98.1, Abby Smith: 96.7]
[Chase Bean: 95.2, Jack Clancy: 97.3, Marie Angelina: 96.5, Lisa Frank: 92.4, Lisa Frank: 99.5, Peter Frank: 97.9, Brittany Jones: 95.5, Dean Jones: 93.2, Michelle Jones: 98.1, Abby Smith: 96.7]
[Chase Bean: 95.2, Jack Clancy: 97.3, Marie Angelina: 96.5, Lisa Frank: 92.4, Lisa Frank: 99.5, Peter Frank: 97.9, Brittany Jones: 95.5, Dean Jones: 93.2, Michelle Jones: 98.1, Abby Smith: 96.7]
[Chase Bean: 95.2, Jack Clancy: 97.3, Marie Angelina: 96.5, Lisa Frank: 92.4, Lisa Frank: 99.5, Peter Frank: 97.9, Brittany Jones: 95.5, Dean Jones: 93.2, Michelle Jones: 98.1, Abby Smith: 96.7]
[Chase Bean: 95.2, Jack Clancy: 97.3, Marie Angelina: 96.5, Lisa Frank: 92.4, Lisa Frank: 99.5, Peter Frank: 97.9, Brittany Jones: 95.5, Dean Jones: 93.2, Michelle Jones: 98.1, Abby Smith: 96.7]
[Chase Bean: 95.2, Marie Angelina: 96.5, Jack Clancy: 97.3, Lisa Frank: 92.4, Lisa Frank: 99.5, Peter Frank: 97.9, Brittany Jones: 95.5, Dean Jones: 93.2, Michelle Jones: 98.1, Abby Smith: 96.7]
[Chase Bean: 95.2, Marie Angelina: 96.5, Jack Clancy: 97.3, Lisa Frank: 92.4, Lisa Frank: 99.5, Peter Frank: 97.9, Brittany Jones: 95.5, Dean Jones: 93.2, Michelle Jones: 98.1, Abby Smith: 96.7]
[Chase Bean: 95.2, Marie Angelina: 96.5, Jack Clancy: 97.3, Lisa Frank: 99.5, Lisa Frank: 92.4, Peter Frank: 97.9, Brittany Jones: 95.5, Dean Jones: 93.2, Michelle Jones: 98.1, Abby Smith: 96.7]
[Chase Bean: 95.2, Marie Angelina: 96.5, Jack Clancy: 97.3, Lisa Frank: 99.5, Lisa Frank: 92.4, Peter Frank: 97.9, Brittany Jones: 95.5, Dean Jones: 93.2, Michelle Jones: 98.1, Abby Smith: 96.7]
[Chase Bean: 95.2, Marie Angelina: 96.5, Jack Clancy: 97.3, Lisa Frank: 99.5, Lisa Frank: 92.4, Peter Frank: 97.9, Brittany Jones: 95.5, Dean Jones: 93.2, Michelle Jones: 98.1, Abby Smith: 96.7]
[Chase Bean: 95.2, Marie Angelina: 96.5, Jack Clancy: 97.3, Lisa Frank: 99.5, Lisa Frank: 92.4, Peter Frank: 97.9, Brittany Jones: 95.5, Dean Jones: 93.2, Michelle Jones: 98.1, Abby Smith: 96.7]
[Chase Bean: 95.2, Marie Angelina: 96.5, Jack Clancy: 97.3, Lisa Frank: 99.5, Lisa Frank: 92.4, Peter Frank: 97.9, Brittany Jones: 95.5, Dean Jones: 93.2, Michelle Jones: 98.1, Abby Smith: 96.7]
[Chase Bean: 95.2, Marie Angelina: 96.5, Jack Clancy: 97.3, Lisa Frank: 99.5, Lisa Frank: 92.4, Peter Frank: 97.9, Brittany Jones: 95.5, Dean Jones: 93.2, Michelle Jones: 98.1, Abby Smith: 96.7]
[Marie Angelina: 96.5, Chase Bean: 95.2, Jack Clancy: 97.3, Lisa Frank: 99.5, Lisa Frank: 92.4, Peter Frank: 97.9, Brittany Jones: 95.5, Dean Jones: 93.2, Michelle Jones: 98.1, Abby Smith: 96.7]
[Marie Angelina: 96.5, Chase Bean: 95.2, Jack Clancy: 97.3, Lisa Frank: 99.5, Lisa Frank: 92.4, Peter Frank: 97.9, Brittany Jones: 95.5, Dean Jones: 93.2, Michelle Jones: 98.1, Abby Smith: 96.7]
[Marie Angelina: 96.5, Chase Bean: 95.2, Jack Clancy: 97.3, Lisa Frank: 99.5, Lisa Frank: 92.4, Peter Frank: 97.9, Brittany Jones: 95.5, Dean Jones: 93.2, Michelle Jones: 98.1, Abby Smith: 96.7]
[Marie Angelina: 96.5, Chase Bean: 95.2, Jack Clancy: 97.3, Lisa Frank: 99.5, Lisa Frank: 92.4, Peter Frank: 97.9, Brittany Jones: 95.5, Dean Jones: 93.2, Michelle Jones: 98.1, Abby Smith: 96.7]
[Marie Angelina: 96.5, Chase Bean: 95.2, Jack Clancy: 97.3, Lisa Frank: 99.5, Lisa Frank: 92.4, Peter Frank: 97.9, Brittany Jones: 95.5, Dean Jones: 93.2, Michelle Jones: 98.1, Abby Smith: 96.7]
[Marie Angelina: 96.5, Chase Bean: 95.2, Jack Clancy: 97.3, Lisa Frank: 99.5, Lisa Frank: 92.4, Peter Frank: 97.9, Brittany Jones: 95.5, Dean Jones: 93.2, Michelle Jones: 98.1, Abby Smith: 96.7]
[Marie Angelina: 96.5, Chase Bean: 95.2, Jack Clancy: 97.3, Lisa Frank: 99.5, Lisa Frank: 92.4, Peter Frank: 97.9, Brittany Jones: 95.5, Dean Jones: 93.2, Michelle Jones: 98.1, Abby Smith: 96.7]
[Marie Angelina: 96.5, Chase Bean: 95.2, Jack Clancy: 97.3, Lisa Frank: 99.5, Lisa Frank: 92.4, Peter Frank: 97.9, Brittany Jones: 95.5, Dean Jones: 93.2, Michelle Jones: 98.1, Abby Smith: 96.7]
[Marie Angelina: 96.5, Chase Bean: 95.2, Jack Clancy: 97.3, Lisa Frank: 99.5, Lisa Frank: 92.4, Peter Frank: 97.9, Brittany Jones: 95.5, Dean Jones: 93.2, Michelle Jones: 98.1, Abby Smith: 96.7]
[Marie Angelina: 96.5, Chase Bean: 95.2, Jack Clancy: 97.3, Lisa Frank: 99.5, Lisa Frank: 92.4, Peter Frank: 97.9, Brittany Jones: 95.5, Dean Jones: 93.2, Michelle Jones: 98.1, Abby Smith: 96.7]
[Marie Angelina: 96.5, Chase Bean: 95.2, Jack Clancy: 97.3, Lisa Frank: 99.5, Lisa Frank: 92.4, Peter Frank: 97.9, Brittany Jones: 95.5, Dean Jones: 93.2, Michelle Jones: 98.1, Abby Smith: 96.7]
[Marie Angelina: 96.5, Chase Bean: 95.2, Jack Clancy: 97.3, Lisa Frank: 99.5, Lisa Frank: 92.4, Peter Frank: 97.9, Brittany Jones: 95.5, Dean Jones: 93.2, Michelle Jones: 98.1, Abby Smith: 96.7]
[Marie Angelina: 96.5, Chase Bean: 95.2, Jack Clancy: 97.3, Lisa Frank: 99.5, Lisa Frank: 92.4, Peter Frank: 97.9, Brittany Jones: 95.5, Dean Jones: 93.2, Michelle Jones: 98.1, Abby Smith: 96.7]
[Marie Angelina: 96.5, Chase Bean: 95.2, Jack Clancy: 97.3, Lisa Frank: 99.5, Lisa Frank: 92.4, Peter Frank: 97.9, Brittany Jones: 95.5, Dean Jones: 93.2, Michelle Jones: 98.1, Abby Smith: 96.7]
[Marie Angelina: 96.5, Chase Bean: 95.2, Jack Clancy: 97.3, Lisa Frank: 99.5, Lisa Frank: 92.4, Peter Frank: 97.9, Brittany Jones: 95.5, Dean Jones: 93.2, Michelle Jones: 98.1, Abby Smith: 96.7]
[Marie Angelina: 96.5, Chase Bean: 95.2, Jack Clancy: 97.3, Lisa Frank: 99.5, Lisa Frank: 92.4, Peter Frank: 97.9, Brittany Jones: 95.5, Dean Jones: 93.2, Michelle Jones: 98.1, Abby Smith: 96.7]
[Marie Angelina: 96.5, Chase Bean: 95.2, Jack Clancy: 97.3, Lisa Frank: 99.5, Lisa Frank: 92.4, Peter Frank: 97.9, Brittany Jones: 95.5, Dean Jones: 93.2, Michelle Jones: 98.1, Abby Smith: 96.7]
[Marie Angelina: 96.5, Chase Bean: 95.2, Jack Clancy: 97.3, Lisa Frank: 99.5, Lisa Frank: 92.4, Peter Frank: 97.9, Brittany Jones: 95.5, Dean Jones: 93.2, Michelle Jones: 98.1, Abby Smith: 96.7]
]]></system-out>
  <system-err><![CDATA[]]></system-err>
</testsuite>
