<?xml version="1.0" encoding="UTF-8"?>
<testsuite name="com.example.project.TestGroceryStore" tests="2" skipped="0" failures="0" errors="0" timestamp="2025-02-19T17:48:53" hostname="codespaces-b9e5b6" time="0.005">
  <properties/>
  <testcase name="testReorderPARTA()" classname="com.example.project.TestGroceryStore" time="0.001"/>
  <testcase name="testReorderPARTB()" classname="com.example.project.TestGroceryStore" time="0.003"/>
  <system-out><![CDATA[]]></system-out>
  <system-err><![CDATA[]]></system-err>
</testsuite>
